[01m[K/root/yahboomcar_ws/src/yahboom_qrcode/src/yahboom_qrcode.cpp:19:10:[m[K [01;31m[Kfatal error: [m[Krapidjson/document.h: No such file or directory
   19 | #include [01;31m[K"rapidjson/document.h"[m[K
      |          [01;31m[K^~~~~~~~~~~~~~~~~~~~~~[m[K
compilation terminated.
gmake[2]: *** [CMakeFiles/yahboom_qrcode_node.dir/build.make:76: CMakeFiles/yahboom_qrcode_node.dir/src/yahboom_qrcode.cpp.o] Error 1
gmake[1]: *** [CMakeFiles/Makefile2:137: CMakeFiles/yahboom_qrcode_node.dir/all] Error 2
gmake: *** [Makefile:146: all] Error 2
