[0.026s] Invoking command in '/root/yahboomcar_ws/src/build/yahboom_qrcode': AMENT_PREFIX_PATH=/root/yahboomcar_ws/src/install/image_color_lab:${AMENT_PREFIX_PATH} CMAKE_PREFIX_PATH=/root/yahboomcar_ws/src/install/image_color_lab:/root/yahboomcar_ws/install/ydlidar_ros2_driver:/root/yahboomcar_ws/install/oradar_lidar:/root/yahboomcar_ws/install/image_color_lab:/root/yahboomcar_ws/install/yahboom_laser:/root/yahboomcar_ws/install/yahboom_dog_joint_state:/root/yahboomcar_ws/install/yahboom_description:/root/yahboomcar_ws/install/yahboom_bringup:/root/yahboomcar_ws/install/yahboom_base:/root/yahboomcar_ws/install/yahboom_app_save_map:/root/yahboomcar_ws/install/voice_xgo_ctrl_run:/root/yahboomcar_ws/install/tf_publisher:/root/yahboomcar_ws/install/bringup:/opt/ros/humble LD_LIBRARY_PATH=/root/yahboomcar_ws/src/install/image_color_lab/lib:${LD_LIBRARY_PATH} PYTHONPATH=/root/yahboomcar_ws/src/install/image_color_lab/local/lib/python3.10/dist-packages:${PYTHONPATH} /usr/bin/cmake /root/yahboomcar_ws/src/yahboom_qrcode -DCMAKE_INSTALL_PREFIX=/root/yahboomcar_ws/src/install/yahboom_qrcode
[0.139s] -- The C compiler identification is GNU 11.4.0
[0.280s] -- The CXX compiler identification is GNU 11.4.0
[0.313s] -- Detecting C compiler ABI info
[0.551s] -- Detecting C compiler ABI info - done
[0.564s] -- Check for working C compiler: /usr/bin/cc - skipped
[0.566s] -- Detecting C compile features
[0.566s] -- Detecting C compile features - done
[0.572s] -- Detecting CXX compiler ABI info
[0.742s] -- Detecting CXX compiler ABI info - done
[0.776s] -- Check for working CXX compiler: /usr/bin/c++ - skipped
[0.776s] -- Detecting CXX compile features
[0.776s] -- Detecting CXX compile features - done
[0.802s] -- Found ament_cmake: 1.3.8 (/opt/ros/humble/share/ament_cmake/cmake)
[1.324s] -- Found Python3: /usr/bin/python3 (found version "3.10.12") found components: Interpreter 
[1.720s] -- Found rclcpp: 16.0.8 (/opt/ros/humble/share/rclcpp/cmake)
[1.897s] -- Found rosidl_generator_c: 3.1.5 (/opt/ros/humble/share/rosidl_generator_c/cmake)
[1.913s] -- Found rosidl_adapter: 3.1.5 (/opt/ros/humble/share/rosidl_adapter/cmake)
[1.949s] -- Found rosidl_generator_cpp: 3.1.5 (/opt/ros/humble/share/rosidl_generator_cpp/cmake)
[1.985s] -- Using all available rosidl_typesupport_c: rosidl_typesupport_fastrtps_c;rosidl_typesupport_introspection_c
[2.040s] -- Using all available rosidl_typesupport_cpp: rosidl_typesupport_fastrtps_cpp;rosidl_typesupport_introspection_cpp
[2.250s] -- Found rmw_implementation_cmake: 6.1.1 (/opt/ros/humble/share/rmw_implementation_cmake/cmake)
[2.260s] -- Found rmw_fastrtps_cpp: 6.2.6 (/opt/ros/humble/share/rmw_fastrtps_cpp/cmake)
[2.457s] -- Found OpenSSL: /usr/lib/aarch64-linux-gnu/libcrypto.so (found version "3.0.2")  
[2.499s] -- Found FastRTPS: /opt/ros/humble/include  
[2.683s] -- Using RMW implementation 'rmw_fastrtps_cpp' as default
[2.759s] -- Looking for pthread.h
[3.043s] -- Looking for pthread.h - found
[3.049s] -- Performing Test CMAKE_HAVE_LIBC_PTHREAD
[3.353s] -- Performing Test CMAKE_HAVE_LIBC_PTHREAD - Success
[3.359s] -- Found Threads: TRUE  
[4.037s] -- Found cv_bridge: 3.2.1 (/opt/ros/humble/share/cv_bridge/cmake)
[4.696s] -- Found OpenCV: /usr (found version "4.5.4") 
[4.705s] -- Found image_color_lab: 0.0.0 (/root/yahboomcar_ws/src/install/image_color_lab/share/image_color_lab/cmake)
[4.911s] -- Found image_transport: 3.1.8 (/opt/ros/humble/share/image_transport/cmake)
[5.070s] -- Found ament_lint_auto: 0.12.10 (/opt/ros/humble/share/ament_lint_auto/cmake)
[5.438s] -- Added test 'copyright' to check source files copyright and LICENSE
[5.438s] -- Added test 'cppcheck' to perform static code analysis on C / C++ code
[5.439s] -- Configured cppcheck include dirs: 
[5.439s] -- Configured cppcheck exclude dirs and/or files: 
[5.441s] -- Added test 'cpplint' to check C / C++ code against the Google style
[5.442s] -- Configured cpplint exclude dirs and/or files: 
[5.444s] -- Added test 'lint_cmake' to check CMake code style
[5.446s] -- Added test 'uncrustify' to check C / C++ code style
[5.447s] -- Configured uncrustify additional arguments: 
[5.448s] -- Added test 'xmllint' to check XML markup files
[5.454s] -- Configuring done
[5.502s] -- Generating done
[5.506s] -- Build files have been written to: /root/yahboomcar_ws/src/build/yahboom_qrcode
[5.538s] Invoked command in '/root/yahboomcar_ws/src/build/yahboom_qrcode' returned '0': AMENT_PREFIX_PATH=/root/yahboomcar_ws/src/install/image_color_lab:${AMENT_PREFIX_PATH} CMAKE_PREFIX_PATH=/root/yahboomcar_ws/src/install/image_color_lab:/root/yahboomcar_ws/install/ydlidar_ros2_driver:/root/yahboomcar_ws/install/oradar_lidar:/root/yahboomcar_ws/install/image_color_lab:/root/yahboomcar_ws/install/yahboom_laser:/root/yahboomcar_ws/install/yahboom_dog_joint_state:/root/yahboomcar_ws/install/yahboom_description:/root/yahboomcar_ws/install/yahboom_bringup:/root/yahboomcar_ws/install/yahboom_base:/root/yahboomcar_ws/install/yahboom_app_save_map:/root/yahboomcar_ws/install/voice_xgo_ctrl_run:/root/yahboomcar_ws/install/tf_publisher:/root/yahboomcar_ws/install/bringup:/opt/ros/humble LD_LIBRARY_PATH=/root/yahboomcar_ws/src/install/image_color_lab/lib:${LD_LIBRARY_PATH} PYTHONPATH=/root/yahboomcar_ws/src/install/image_color_lab/local/lib/python3.10/dist-packages:${PYTHONPATH} /usr/bin/cmake /root/yahboomcar_ws/src/yahboom_qrcode -DCMAKE_INSTALL_PREFIX=/root/yahboomcar_ws/src/install/yahboom_qrcode
[5.549s] Invoking command in '/root/yahboomcar_ws/src/build/yahboom_qrcode': AMENT_PREFIX_PATH=/root/yahboomcar_ws/src/install/image_color_lab:${AMENT_PREFIX_PATH} CMAKE_PREFIX_PATH=/root/yahboomcar_ws/src/install/image_color_lab:/root/yahboomcar_ws/install/ydlidar_ros2_driver:/root/yahboomcar_ws/install/oradar_lidar:/root/yahboomcar_ws/install/image_color_lab:/root/yahboomcar_ws/install/yahboom_laser:/root/yahboomcar_ws/install/yahboom_dog_joint_state:/root/yahboomcar_ws/install/yahboom_description:/root/yahboomcar_ws/install/yahboom_bringup:/root/yahboomcar_ws/install/yahboom_base:/root/yahboomcar_ws/install/yahboom_app_save_map:/root/yahboomcar_ws/install/voice_xgo_ctrl_run:/root/yahboomcar_ws/install/tf_publisher:/root/yahboomcar_ws/install/bringup:/opt/ros/humble LD_LIBRARY_PATH=/root/yahboomcar_ws/src/install/image_color_lab/lib:${LD_LIBRARY_PATH} PYTHONPATH=/root/yahboomcar_ws/src/install/image_color_lab/local/lib/python3.10/dist-packages:${PYTHONPATH} /usr/bin/cmake --build /root/yahboomcar_ws/src/build/yahboom_qrcode -- -j4 -l4
[5.674s] [ 50%] [32mBuilding CXX object CMakeFiles/yahboom_qrcode_node.dir/src/yahboom_qrcode.cpp.o[0m
[6.482s] [01m[K/root/yahboomcar_ws/src/yahboom_qrcode/src/yahboom_qrcode.cpp:19:10:[m[K [01;31m[Kfatal error: [m[Krapidjson/document.h: No such file or directory
[6.483s]    19 | #include [01;31m[K"rapidjson/document.h"[m[K
[6.483s]       |          [01;31m[K^~~~~~~~~~~~~~~~~~~~~~[m[K
[6.484s] compilation terminated.
[6.487s] gmake[2]: *** [CMakeFiles/yahboom_qrcode_node.dir/build.make:76: CMakeFiles/yahboom_qrcode_node.dir/src/yahboom_qrcode.cpp.o] Error 1
[6.490s] gmake[1]: *** [CMakeFiles/Makefile2:137: CMakeFiles/yahboom_qrcode_node.dir/all] Error 2
[6.490s] gmake: *** [Makefile:146: all] Error 2
[6.497s] Invoked command in '/root/yahboomcar_ws/src/build/yahboom_qrcode' returned '2': AMENT_PREFIX_PATH=/root/yahboomcar_ws/src/install/image_color_lab:${AMENT_PREFIX_PATH} CMAKE_PREFIX_PATH=/root/yahboomcar_ws/src/install/image_color_lab:/root/yahboomcar_ws/install/ydlidar_ros2_driver:/root/yahboomcar_ws/install/oradar_lidar:/root/yahboomcar_ws/install/image_color_lab:/root/yahboomcar_ws/install/yahboom_laser:/root/yahboomcar_ws/install/yahboom_dog_joint_state:/root/yahboomcar_ws/install/yahboom_description:/root/yahboomcar_ws/install/yahboom_bringup:/root/yahboomcar_ws/install/yahboom_base:/root/yahboomcar_ws/install/yahboom_app_save_map:/root/yahboomcar_ws/install/voice_xgo_ctrl_run:/root/yahboomcar_ws/install/tf_publisher:/root/yahboomcar_ws/install/bringup:/opt/ros/humble LD_LIBRARY_PATH=/root/yahboomcar_ws/src/install/image_color_lab/lib:${LD_LIBRARY_PATH} PYTHONPATH=/root/yahboomcar_ws/src/install/image_color_lab/local/lib/python3.10/dist-packages:${PYTHONPATH} /usr/bin/cmake --build /root/yahboomcar_ws/src/build/yahboom_qrcode -- -j4 -l4
